<?xml version="1.0" encoding="UTF-8"?>
<!-- Generated by org.testng.reporters.JUnitReportReporter -->
<testsuite skipped="0" hostname="TANSAHU-IN" name="uiTests.WeatherTest" tests="3" failures="0" timestamp="2020-11-07T15:37:36 IST" time="13.496" errors="0">
  <testcase name="navigateToWeatherPage" time="8.561" classname="uiTests.WeatherTest"/>
  <system-out/>
  <testcase name="pinCityInWeatherPageTest" time="4.244" classname="uiTests.WeatherTest"/>
  <system-out/>
  <testcase name="validateSelectingCityOnMapRevealsTempDetailstest" time="0.691" classname="uiTests.WeatherTest"/>
  <system-out/>
</testsuite> <!-- uiTests.WeatherTest -->
