<?xml version="1.0" encoding="UTF-8"?>
<!-- Generated by org.testng.reporters.JUnitReportReporter -->
<testsuite skipped="0" hostname="TANSAHU-IN" name="com.comparisonTests.ComparatorTests" tests="1" failures="0" timestamp="2020-11-10T01:05:44 IST" time="0.002" errors="1">
  <testcase name="compareUiAndApiTemperatureTest" time="0.002" classname="com.comparisonTests.ComparatorTests">
    <error type="com.utils.CustomException" message="unequal temperature: The temperature in ndtv does not match with openWeather API">
      <![CDATA[com.utils.CustomException: unequal temperature: The temperature in ndtv does not match with openWeather API
at com.utils.Comparator.compareTwoObjets(Comparator.java:14)
at com.comparisonTests.ComparatorTests.compareUiAndApiTemperatureTest(ComparatorTests.java:23)
at sun.reflect.NativeMethodAccessorImpl.invoke0(Native Method)
at sun.reflect.NativeMethodAccessorImpl.invoke(Unknown Source)
at sun.reflect.DelegatingMethodAccessorImpl.invoke(Unknown Source)
at java.lang.reflect.Method.invoke(Unknown Source)
at org.testng.internal.MethodInvocationHelper.invokeMethod(MethodInvocationHelper.java:132)
at org.testng.internal.TestInvoker.invokeMethod(TestInvoker.java:599)
at org.testng.internal.TestInvoker.invokeTestMethod(TestInvoker.java:174)
at org.testng.internal.MethodRunner.runInSequence(MethodRunner.java:46)
at org.testng.internal.TestInvoker$MethodInvocationAgent.invoke(TestInvoker.java:822)
at org.testng.internal.TestInvoker.invokeTestMethods(TestInvoker.java:147)
at org.testng.internal.TestMethodWorker.invokeTestMethods(TestMethodWorker.java:146)
at org.testng.internal.TestMethodWorker.run(TestMethodWorker.java:128)
at java.util.concurrent.ThreadPoolExecutor.runWorker(Unknown Source)
at java.util.concurrent.ThreadPoolExecutor$Worker.run(Unknown Source)
at java.lang.Thread.run(Unknown Source)
]]>
    </error>
  </testcase> <!-- compareUiAndApiTemperatureTest -->
  <system-out/>
</testsuite> <!-- com.comparisonTests.ComparatorTests -->
