<?xml version="1.0" encoding="UTF-8"?>
<!-- Generated by org.testng.reporters.JUnitReportReporter -->
<testsuite skipped="0" hostname="TANSAHU-IN" name="com.uiTests.WeatherTest" tests="4" failures="0" timestamp="2020-11-10T01:05:44 IST" time="9.535" errors="0">
  <testcase name="navigateToWeatherPageTest" time="7.848" classname="com.uiTests.WeatherTest"/>
  <system-out/>
  <testcase name="pinCityInWeatherPageTest" time="1.198" classname="com.uiTests.WeatherTest"/>
  <system-out/>
  <testcase name="validateSelectingCityOnMapRevealsTempDetailstest" time="0.451" classname="com.uiTests.WeatherTest"/>
  <system-out/>
  <testcase name="getTemparatureDetailsOfCityTest" time="0.038" classname="com.uiTests.WeatherTest"/>
  <system-out/>
</testsuite> <!-- com.uiTests.WeatherTest -->
