<?xml version="1.0" encoding="UTF-8"?>
<!-- Generated by org.testng.reporters.JUnitReportReporter -->
<testsuite skipped="0" hostname="TANSAHU-IN" name="uiTests.WeatherTest" tests="4" failures="0" timestamp="2020-11-07T22:05:13 IST" time="5.978" errors="0">
  <testcase name="navigateToWeatherPage" time="3.857" classname="uiTests.WeatherTest"/>
  <system-out/>
  <testcase name="pinCityInWeatherPageTest" time="1.770" classname="uiTests.WeatherTest"/>
  <system-out/>
  <testcase name="validateSelectingCityOnMapRevealsTempDetailstest" time="0.302" classname="uiTests.WeatherTest"/>
  <system-out/>
  <testcase name="getTemparatureDetailsOfCityTest" time="0.049" classname="uiTests.WeatherTest"/>
  <system-out/>
</testsuite> <!-- uiTests.WeatherTest -->
