<?xml version="1.0" encoding="UTF-8"?>
<!-- Generated by org.testng.reporters.JUnitReportReporter -->
<testsuite skipped="0" hostname="TANSAHU-IN" name="com.apiTests.WeatherAPITest" tests="1" failures="0" timestamp="2020-11-10T01:05:44 IST" time="5.030" errors="0">
  <testcase name="getWeatherByCityTest" time="5.030" classname="com.apiTests.WeatherAPITest"/>
  <system-out/>
</testsuite> <!-- com.apiTests.WeatherAPITest -->
