<?xml version="1.0" encoding="UTF-8"?>
<!-- Generated by org.testng.reporters.JUnitReportReporter -->
<testsuite skipped="0" hostname="TANSAHU-IN" name="uiTests.BaseClass" tests="1" failures="0" timestamp="2020-11-04T00:55:25 IST" time="20.933" errors="0">
  <testcase name="navigateToWeatherPage" time="20.933" classname="uiTests.BaseClass"/>
  <system-out/>
</testsuite> <!-- uiTests.BaseClass -->
