<?xml version="1.0" encoding="UTF-8"?>
<!-- Generated by org.testng.reporters.JUnitReportReporter -->
<testsuite skipped="0" hostname="TANSAHU-IN" name="apiTests.WeatherAPITest" tests="1" failures="0" timestamp="2020-11-07T14:57:57 IST" time="3.714" errors="0">
  <testcase name="getWeatherByCityTest" time="3.714" classname="apiTests.WeatherAPITest"/>
  <system-out/>
</testsuite> <!-- apiTests.WeatherAPITest -->
