<?xml version="1.0" encoding="UTF-8"?>
<!-- Generated by org.testng.reporters.JUnitReportReporter -->
<testsuite skipped="0" hostname="TANSAHU-IN" name="apiTests.WeatherAPI" tests="1" failures="0" timestamp="2020-11-07T13:31:15 IST" time="5.843" errors="0">
  <testcase name="getWeatherByCityTest" time="5.843" classname="apiTests.WeatherAPI"/>
  <system-out/>
</testsuite> <!-- apiTests.WeatherAPI -->
